2026-06-17 13:08:15 -  - exec CUpdateClient::GetUpdatesList
2026-06-17 13:08:15 -  - exec CUpdateClient::CollectRequestData
2026-06-17 13:08:15 -  - LICENSE_KEY=X&lang=ru&SUPD_VER=25.1100.0&VERSION=26.150.0&TYPENC=D&SUPD_STS=1&SUPD_URS=0&SUPD_DBS=MYSQL&XE=N&CLIENT_SITE=lc-bitrix-start.local&SERVER_NAME=&CHHB=lc-bitrix-start.local&CSAB=127.127.126.18&SUID=zr13m62h9kku1kuty8nllnc51o4ruiy2&CANGZIP=Y&CLIENT_PHPVER=8.3.14&stable=Y&mbfo=0&NGINX=Y&SMD=N&rerere=Y&bitm_main=26.150.0&bitm_b24connector=25.0.0&bitm_bitrixcloud=25.100.0&bitm_clouds=25.100.0&bitm_fileman=25.200.200&bitm_highloadblock=25.100.0&bitm_iblock=25.300.0&bitm_landing=26.200.0&bitm_location=25.400.0&bitm_messageservice=25.200.100&bitm_perfmon=25.300.0&bitm_rest=26.0.0&bitm_search=25.200.0&bitm_security=25.0.0&bitm_seo=25.100.400&bitm_socialservices=26.0.0&bitm_translate=25.100.0&bitm_ui=26.150.0&bitl_en=&bitl_ru=&SUPD_SRS=RU&SUPD_CMP=N&SALE_15=Y&LICENSE_SIGNED=%7Enew_license18_0_sign-Y
2026-06-17 13:08:15 -  - exec CUpdateClient::GetHTTPPage
2026-06-17 13:08:16 -  - TIME GetUpdatesList(request) 0.763 sec
2026-06-17 13:08:16 -  - exec CUpdateClient::ParseServerData
2026-06-17 13:08:16 -  - exec CUpdateClient::LoadModulesUpdates
2026-06-17 13:08:16 -  - exec CUpdateClient::CollectRequestData
2026-06-17 13:08:16 -  - LICENSE_KEY=X&lang=ru&SUPD_VER=25.1100.0&VERSION=26.150.0&TYPENC=D&SUPD_STS=1&SUPD_URS=0&SUPD_DBS=MYSQL&XE=N&CLIENT_SITE=lc-bitrix-start.local&SERVER_NAME=&CHHB=lc-bitrix-start.local&CSAB=127.127.126.18&SUID=zr13m62h9kku1kuty8nllnc51o4ruiy2&CANGZIP=Y&CLIENT_PHPVER=8.3.14&stable=Y&mbfo=0&NGINX=Y&SMD=N&rerere=Y&bitm_main=26.150.0&bitm_b24connector=25.0.0&bitm_bitrixcloud=25.100.0&bitm_clouds=25.100.0&bitm_fileman=25.200.200&bitm_highloadblock=25.100.0&bitm_iblock=25.300.0&bitm_landing=26.200.0&bitm_location=25.400.0&bitm_messageservice=25.200.100&bitm_perfmon=25.300.0&bitm_rest=26.0.0&bitm_search=25.200.0&bitm_security=25.0.0&bitm_seo=25.100.400&bitm_socialservices=26.0.0&bitm_translate=25.100.0&bitm_ui=26.150.0&bitl_en=&bitl_ru=&SUPD_SRS=RU&SUPD_CMP=N&SALE_15=Y&LICENSE_SIGNED=%7Enew_license18_0_sign-Y
2026-06-17 13:08:16 -  - exec CUpdateClient::GetHTTPPage
2026-06-17 13:08:17 -  - TIME LoadModulesUpdates(request) 0.687 sec
2026-06-17 13:08:17 -  - exec CUpdateClient::ParseServerData
2026-06-17 13:08:17 - S - STEP
2026-06-17 13:08:17 -  - exec CUpdateClient::LoadModulesUpdates
2026-06-17 13:08:17 -  - exec CUpdateClient::ParseServerData
2026-06-17 13:08:17 -  - loadFile
2026-06-17 13:08:18 - U - RETURN
2026-06-17 13:08:18 -  - exec CUpdateClient::UnGzipArchive
2026-06-17 13:08:18 -  - TIME UnGzipArchive 0.087 sec
2026-06-17 13:08:18 - CSURUS1 - Run updater '/bitrix/updates/update_m1781690898/main/updater26.150.100.php'
2026-06-17 13:08:18 - CRUPDCF1 - Run updater '/bitrix/updates/update_m1781690898/main/updater26.150.100.php': CopyFiles(install/components, components)
2026-06-17 13:08:18 -  - TIME UpdateStepModules 0.077 sec
2026-06-17 13:08:18 - UPD_SUCCESS - Updated: main (26.150.100)<br><li>Исправлена ошибка в форме авторизации панели управления, если не установлен модуль security. <li>Исправлена ошибка проверки прав доступа в компоненте main.mail.confirm. 
2026-06-17 13:08:18 -  - exec CUpdateClient::LoadModulesUpdates
2026-06-17 13:08:18 -  - exec CUpdateClient::CollectRequestData
2026-06-17 13:08:19 -  - LICENSE_KEY=X&lang=ru&SUPD_VER=25.1100.0&VERSION=26.150.100&TYPENC=D&SUPD_STS=1&SUPD_URS=0&SUPD_DBS=MYSQL&XE=N&CLIENT_SITE=lc-bitrix-start.local&SERVER_NAME=&CHHB=lc-bitrix-start.local&CSAB=127.127.126.18&SUID=zr13m62h9kku1kuty8nllnc51o4ruiy2&CANGZIP=Y&CLIENT_PHPVER=8.3.14&stable=Y&mbfo=0&NGINX=Y&SMD=N&rerere=Y&bitm_main=26.150.100&bitm_b24connector=25.0.0&bitm_bitrixcloud=25.100.0&bitm_clouds=25.100.0&bitm_fileman=25.200.200&bitm_highloadblock=25.100.0&bitm_iblock=25.300.0&bitm_landing=26.200.0&bitm_location=25.400.0&bitm_messageservice=25.200.100&bitm_perfmon=25.300.0&bitm_rest=26.0.0&bitm_search=25.200.0&bitm_security=25.0.0&bitm_seo=25.100.400&bitm_socialservices=26.0.0&bitm_translate=25.100.0&bitm_ui=26.150.0&bitl_en=&bitl_ru=&SUPD_SRS=RU&SUPD_CMP=N&SALE_15=Y&LICENSE_SIGNED=%7Enew_license18_0_sign-Y
2026-06-17 13:08:19 -  - exec CUpdateClient::GetHTTPPage
2026-06-17 13:08:19 -  - TIME LoadModulesUpdates(request) 0.683 sec
2026-06-17 13:08:19 -  - exec CUpdateClient::ParseServerData
2026-06-17 13:08:19 - S - STEP
2026-06-17 13:08:20 -  - exec CUpdateClient::LoadModulesUpdates
2026-06-17 13:08:20 -  - exec CUpdateClient::ParseServerData
2026-06-17 13:08:20 -  - loadFile
2026-06-17 13:08:22 - U - RETURN
2026-06-17 13:08:22 -  - exec CUpdateClient::UnGzipArchive
2026-06-17 13:08:28 -  - TIME UnGzipArchive 5.595 sec
2026-06-17 13:08:28 - CSURUS1 - Run updater '/bitrix/updates/update_m1781690902/main/updater26.200.0.php'
2026-06-17 13:08:28 - CRUPDCF1 - Run updater '/bitrix/updates/update_m1781690902/main/updater26.200.0.php': CopyFiles(install/bitrix, )
2026-06-17 13:08:28 - CRUPDCF1 - Run updater '/bitrix/updates/update_m1781690902/main/updater26.200.0.php': CopyFiles(install/components, components)
2026-06-17 13:08:28 - CRUPDCF1 - Run updater '/bitrix/updates/update_m1781690902/main/updater26.200.0.php': CopyFiles(install/js, js)
2026-06-17 13:08:32 -  - TIME UpdateStepModules 4.099 sec
2026-06-17 13:08:32 - UPD_SUCCESS - Updated: main (26.200.0)<br><li>Улучшено управляемое кеширование. 
2026-06-17 13:08:32 -  - exec CUpdateClient::LoadModulesUpdates
2026-06-17 13:08:32 -  - exec CUpdateClient::CollectRequestData
2026-06-17 13:08:32 -  - LICENSE_KEY=X&lang=ru&SUPD_VER=25.1100.0&VERSION=26.200.0&TYPENC=D&SUPD_STS=1&SUPD_URS=0&SUPD_DBS=MYSQL&XE=N&CLIENT_SITE=lc-bitrix-start.local&SERVER_NAME=&CHHB=lc-bitrix-start.local&CSAB=127.127.126.18&SUID=zr13m62h9kku1kuty8nllnc51o4ruiy2&CANGZIP=Y&CLIENT_PHPVER=8.3.14&stable=Y&mbfo=0&NGINX=Y&SMD=N&rerere=Y&bitm_main=26.200.0&bitm_b24connector=25.0.0&bitm_bitrixcloud=25.100.0&bitm_clouds=25.100.0&bitm_fileman=25.200.200&bitm_highloadblock=25.100.0&bitm_iblock=25.300.0&bitm_landing=26.200.0&bitm_location=25.400.0&bitm_messageservice=25.200.100&bitm_perfmon=25.300.0&bitm_rest=26.0.0&bitm_search=25.200.0&bitm_security=25.0.0&bitm_seo=25.100.400&bitm_socialservices=26.0.0&bitm_translate=25.100.0&bitm_ui=26.150.0&bitl_en=&bitl_ru=&SUPD_SRS=RU&SUPD_CMP=N&SALE_15=Y&LICENSE_SIGNED=%7Enew_license18_0_sign-Y
2026-06-17 13:08:32 -  - exec CUpdateClient::GetHTTPPage
2026-06-17 13:08:33 -  - TIME LoadModulesUpdates(request) 0.663 sec
2026-06-17 13:08:33 -  - exec CUpdateClient::ParseServerData
2026-06-17 13:08:33 - S - STEP
2026-06-17 13:08:34 -  - exec CUpdateClient::LoadModulesUpdates
2026-06-17 13:08:34 -  - exec CUpdateClient::ParseServerData
2026-06-17 13:08:34 -  - loadFile
2026-06-17 13:08:35 - U - RETURN
2026-06-17 13:08:35 -  - exec CUpdateClient::UnGzipArchive
2026-06-17 13:08:35 -  - TIME UnGzipArchive 0.387 sec
2026-06-17 13:08:35 -  - TIME UpdateStepModules 0.27 sec
2026-06-17 13:08:35 - UPD_SUCCESS - Updated: iblock (25.400.0)<br><li>Исправлен ряд ошибок. 
2026-06-17 13:08:36 -  - exec CUpdateClient::LoadModulesUpdates
2026-06-17 13:08:36 -  - exec CUpdateClient::CollectRequestData
2026-06-17 13:08:36 -  - LICENSE_KEY=X&lang=ru&SUPD_VER=25.1100.0&VERSION=26.200.0&TYPENC=D&SUPD_STS=1&SUPD_URS=0&SUPD_DBS=MYSQL&XE=N&CLIENT_SITE=lc-bitrix-start.local&SERVER_NAME=&CHHB=lc-bitrix-start.local&CSAB=127.127.126.18&SUID=zr13m62h9kku1kuty8nllnc51o4ruiy2&CANGZIP=Y&CLIENT_PHPVER=8.3.14&stable=Y&mbfo=0&NGINX=Y&SMD=N&rerere=Y&bitm_main=26.200.0&bitm_b24connector=25.0.0&bitm_bitrixcloud=25.100.0&bitm_clouds=25.100.0&bitm_fileman=25.200.200&bitm_highloadblock=25.100.0&bitm_iblock=25.400.0&bitm_landing=26.200.0&bitm_location=25.400.0&bitm_messageservice=25.200.100&bitm_perfmon=25.300.0&bitm_rest=26.0.0&bitm_search=25.200.0&bitm_security=25.0.0&bitm_seo=25.100.400&bitm_socialservices=26.0.0&bitm_translate=25.100.0&bitm_ui=26.150.0&bitl_en=&bitl_ru=&SUPD_SRS=RU&SUPD_CMP=N&SALE_15=Y&LICENSE_SIGNED=%7Enew_license18_0_sign-Y
2026-06-17 13:08:36 -  - exec CUpdateClient::GetHTTPPage
2026-06-17 13:08:36 -  - TIME LoadModulesUpdates(request) 0.658 sec
2026-06-17 13:08:36 -  - exec CUpdateClient::ParseServerData
2026-06-17 13:08:36 - S - STEP
2026-06-17 13:08:37 -  - exec CUpdateClient::LoadModulesUpdates
2026-06-17 13:08:37 -  - exec CUpdateClient::ParseServerData
2026-06-17 13:08:37 -  - loadFile
2026-06-17 13:08:38 - U - RETURN
2026-06-17 13:08:38 -  - exec CUpdateClient::UnGzipArchive
2026-06-17 13:08:39 -  - TIME UnGzipArchive 1.332 sec
2026-06-17 13:08:40 -  - TIME UpdateStepModules 0.594 sec
2026-06-17 13:08:40 - UPD_SUCCESS - Updated: translate (26.0.0)<br><li>Улучшена совместимость с PHP 8.2.
2026-06-17 13:08:40 -  - exec CUpdateClient::LoadModulesUpdates
2026-06-17 13:08:40 -  - exec CUpdateClient::CollectRequestData
2026-06-17 13:08:40 -  - LICENSE_KEY=X&lang=ru&SUPD_VER=25.1100.0&VERSION=26.200.0&TYPENC=D&SUPD_STS=1&SUPD_URS=0&SUPD_DBS=MYSQL&XE=N&CLIENT_SITE=lc-bitrix-start.local&SERVER_NAME=&CHHB=lc-bitrix-start.local&CSAB=127.127.126.18&SUID=zr13m62h9kku1kuty8nllnc51o4ruiy2&CANGZIP=Y&CLIENT_PHPVER=8.3.14&stable=Y&mbfo=0&NGINX=Y&SMD=N&rerere=Y&bitm_main=26.200.0&bitm_b24connector=25.0.0&bitm_bitrixcloud=25.100.0&bitm_clouds=25.100.0&bitm_fileman=25.200.200&bitm_highloadblock=25.100.0&bitm_iblock=25.400.0&bitm_landing=26.200.0&bitm_location=25.400.0&bitm_messageservice=25.200.100&bitm_perfmon=25.300.0&bitm_rest=26.0.0&bitm_search=25.200.0&bitm_security=25.0.0&bitm_seo=25.100.400&bitm_socialservices=26.0.0&bitm_translate=26.0.0&bitm_ui=26.150.0&bitl_en=&bitl_ru=&SUPD_SRS=RU&SUPD_CMP=N&SALE_15=Y&LICENSE_SIGNED=%7Enew_license18_0_sign-Y
2026-06-17 13:08:40 -  - exec CUpdateClient::GetHTTPPage
2026-06-17 13:08:41 -  - TIME LoadModulesUpdates(request) 0.797 sec
2026-06-17 13:08:41 -  - exec CUpdateClient::ParseServerData
2026-06-17 13:08:41 - S - STEP
2026-06-17 13:08:42 -  - exec CUpdateClient::LoadModulesUpdates
2026-06-17 13:08:42 -  - exec CUpdateClient::ParseServerData
2026-06-17 13:08:42 -  - loadFile
2026-06-17 13:08:43 - U - RETURN
2026-06-17 13:08:43 -  - exec CUpdateClient::UnGzipArchive
2026-06-17 13:08:43 -  - TIME UnGzipArchive 0.337 sec
2026-06-17 13:08:43 - CSURUS1 - Run updater '/bitrix/updates/update_m1781690923/security/updater26.0.0.php'
2026-06-17 13:08:43 - CRUPDCF1 - Run updater '/bitrix/updates/update_m1781690923/security/updater26.0.0.php': CopyFiles(install/components, components)
2026-06-17 13:08:43 -  - TIME UpdateStepModules 0.266 sec
2026-06-17 13:08:43 - UPD_SUCCESS - Updated: security (26.0.0)<br><li>Разработчикам: добавлен управляемый кеш в OTP. 
2026-06-17 13:08:44 -  - exec CUpdateClient::LoadModulesUpdates
2026-06-17 13:08:44 -  - exec CUpdateClient::CollectRequestData
2026-06-17 13:08:44 -  - LICENSE_KEY=X&lang=ru&SUPD_VER=25.1100.0&VERSION=26.200.0&TYPENC=D&SUPD_STS=1&SUPD_URS=0&SUPD_DBS=MYSQL&XE=N&CLIENT_SITE=lc-bitrix-start.local&SERVER_NAME=&CHHB=lc-bitrix-start.local&CSAB=127.127.126.18&SUID=zr13m62h9kku1kuty8nllnc51o4ruiy2&CANGZIP=Y&CLIENT_PHPVER=8.3.14&stable=Y&mbfo=0&NGINX=Y&SMD=N&rerere=Y&bitm_main=26.200.0&bitm_b24connector=25.0.0&bitm_bitrixcloud=25.100.0&bitm_clouds=25.100.0&bitm_fileman=25.200.200&bitm_highloadblock=25.100.0&bitm_iblock=25.400.0&bitm_landing=26.200.0&bitm_location=25.400.0&bitm_messageservice=25.200.100&bitm_perfmon=25.300.0&bitm_rest=26.0.0&bitm_search=25.200.0&bitm_security=26.0.0&bitm_seo=25.100.400&bitm_socialservices=26.0.0&bitm_translate=26.0.0&bitm_ui=26.150.0&bitl_en=&bitl_ru=&SUPD_SRS=RU&SUPD_CMP=N&SALE_15=Y&LICENSE_SIGNED=%7Enew_license18_0_sign-Y
2026-06-17 13:08:44 -  - exec CUpdateClient::GetHTTPPage
2026-06-17 13:08:44 -  - TIME LoadModulesUpdates(request) 0.698 sec
2026-06-17 13:08:44 -  - exec CUpdateClient::ParseServerData
2026-06-17 13:08:44 - S - STEP
2026-06-17 13:08:45 -  - exec CUpdateClient::LoadModulesUpdates
2026-06-17 13:08:45 -  - exec CUpdateClient::ParseServerData
2026-06-17 13:08:45 -  - loadFile
2026-06-17 13:08:46 - U - RETURN
2026-06-17 13:08:46 -  - exec CUpdateClient::UnGzipArchive
2026-06-17 13:08:46 -  - TIME UnGzipArchive 0.061 sec
2026-06-17 13:08:46 - CSURUS1 - Run updater '/bitrix/updates/update_m1781690926/security/updater26.0.100.php'
2026-06-17 13:08:46 - CRUPDCF1 - Run updater '/bitrix/updates/update_m1781690926/security/updater26.0.100.php': CopyFiles(install/components, components)
2026-06-17 13:08:46 -  - TIME UpdateStepModules 0.049 sec
2026-06-17 13:08:46 - UPD_SUCCESS - Updated: security (26.0.100)<br><li>Исправлена ошибка в сценарии переподключения устройства.
2026-06-17 13:08:46 -  - exec CUpdateClient::LoadModulesUpdates
2026-06-17 13:08:46 -  - exec CUpdateClient::CollectRequestData
2026-06-17 13:08:46 -  - LICENSE_KEY=X&lang=ru&SUPD_VER=25.1100.0&VERSION=26.200.0&TYPENC=D&SUPD_STS=1&SUPD_URS=0&SUPD_DBS=MYSQL&XE=N&CLIENT_SITE=lc-bitrix-start.local&SERVER_NAME=&CHHB=lc-bitrix-start.local&CSAB=127.127.126.18&SUID=zr13m62h9kku1kuty8nllnc51o4ruiy2&CANGZIP=Y&CLIENT_PHPVER=8.3.14&stable=Y&mbfo=0&NGINX=Y&SMD=N&rerere=Y&bitm_main=26.200.0&bitm_b24connector=25.0.0&bitm_bitrixcloud=25.100.0&bitm_clouds=25.100.0&bitm_fileman=25.200.200&bitm_highloadblock=25.100.0&bitm_iblock=25.400.0&bitm_landing=26.200.0&bitm_location=25.400.0&bitm_messageservice=25.200.100&bitm_perfmon=25.300.0&bitm_rest=26.0.0&bitm_search=25.200.0&bitm_security=26.0.100&bitm_seo=25.100.400&bitm_socialservices=26.0.0&bitm_translate=26.0.0&bitm_ui=26.150.0&bitl_en=&bitl_ru=&SUPD_SRS=RU&SUPD_CMP=N&SALE_15=Y&LICENSE_SIGNED=%7Enew_license18_0_sign-Y
2026-06-17 13:08:46 -  - exec CUpdateClient::GetHTTPPage
2026-06-17 13:08:47 -  - TIME LoadModulesUpdates(request) 0.647 sec
2026-06-17 13:08:47 -  - exec CUpdateClient::ParseServerData
2026-06-17 13:08:47 - S - STEP
2026-06-17 13:08:47 -  - exec CUpdateClient::LoadModulesUpdates
2026-06-17 13:08:47 -  - exec CUpdateClient::ParseServerData
2026-06-17 13:08:47 -  - loadFile
2026-06-17 13:08:48 - U - RETURN
2026-06-17 13:08:48 -  - exec CUpdateClient::UnGzipArchive
2026-06-17 13:08:49 -  - TIME UnGzipArchive 0.928 sec
2026-06-17 13:08:49 - CSURUS1 - Run updater '/bitrix/updates/update_m1781690928/seo/updater25.200.0/index.php'
2026-06-17 13:08:49 - CRUPDCF1 - Run updater '/bitrix/updates/update_m1781690928/seo/updater25.200.0/index.php': CopyFiles(install/components, components)
2026-06-17 13:08:50 -  - TIME UpdateStepModules 0.56 sec
2026-06-17 13:08:50 - UPD_SUCCESS - Updated: seo (25.200.0)<br><li>Улучшена совместимость с модулем \"Интранет\". 
2026-06-17 13:08:50 -  - exec CUpdateClient::LoadModulesUpdates
2026-06-17 13:08:50 -  - exec CUpdateClient::CollectRequestData
2026-06-17 13:08:50 -  - LICENSE_KEY=X&lang=ru&SUPD_VER=25.1100.0&VERSION=26.200.0&TYPENC=D&SUPD_STS=1&SUPD_URS=0&SUPD_DBS=MYSQL&XE=N&CLIENT_SITE=lc-bitrix-start.local&SERVER_NAME=&CHHB=lc-bitrix-start.local&CSAB=127.127.126.18&SUID=zr13m62h9kku1kuty8nllnc51o4ruiy2&CANGZIP=Y&CLIENT_PHPVER=8.3.14&stable=Y&mbfo=0&NGINX=Y&SMD=N&rerere=Y&bitm_main=26.200.0&bitm_b24connector=25.0.0&bitm_bitrixcloud=25.100.0&bitm_clouds=25.100.0&bitm_fileman=25.200.200&bitm_highloadblock=25.100.0&bitm_iblock=25.400.0&bitm_landing=26.200.0&bitm_location=25.400.0&bitm_messageservice=25.200.100&bitm_perfmon=25.300.0&bitm_rest=26.0.0&bitm_search=25.200.0&bitm_security=26.0.100&bitm_seo=25.200.0&bitm_socialservices=26.0.0&bitm_translate=26.0.0&bitm_ui=26.150.0&bitl_en=&bitl_ru=&SUPD_SRS=RU&SUPD_CMP=N&SALE_15=Y&LICENSE_SIGNED=%7Enew_license18_0_sign-Y
2026-06-17 13:08:50 -  - exec CUpdateClient::GetHTTPPage
2026-06-17 13:08:51 -  - TIME LoadModulesUpdates(request) 0.679 sec
2026-06-17 13:08:51 -  - exec CUpdateClient::ParseServerData
2026-06-17 13:08:51 - S - STEP
2026-06-17 13:08:51 -  - exec CUpdateClient::LoadModulesUpdates
2026-06-17 13:08:51 -  - exec CUpdateClient::ParseServerData
2026-06-17 13:08:51 -  - loadFile
2026-06-17 13:08:52 - U - RETURN
2026-06-17 13:08:52 -  - exec CUpdateClient::UnGzipArchive
2026-06-17 13:08:52 -  - TIME UnGzipArchive 0.149 sec
2026-06-17 13:08:52 - CSURUS1 - Run updater '/bitrix/updates/update_m1781690932/seo/updater26.0.0.php'
2026-06-17 13:08:52 - CRUPDCF1 - Run updater '/bitrix/updates/update_m1781690932/seo/updater26.0.0.php': CopyFiles(install/components, components)
2026-06-17 13:08:52 -  - TIME UpdateStepModules 0.128 sec
2026-06-17 13:08:52 - UPD_SUCCESS - Updated: seo (26.0.0)<br><li>Исправлено обновление формы до авторизации в сервисе рекламы.
2026-06-17 13:08:53 -  - exec CUpdateClient::LoadModulesUpdates
2026-06-17 13:08:53 -  - exec CUpdateClient::CollectRequestData
2026-06-17 13:08:53 -  - LICENSE_KEY=X&lang=ru&SUPD_VER=25.1100.0&VERSION=26.200.0&TYPENC=D&SUPD_STS=1&SUPD_URS=0&SUPD_DBS=MYSQL&XE=N&CLIENT_SITE=lc-bitrix-start.local&SERVER_NAME=&CHHB=lc-bitrix-start.local&CSAB=127.127.126.18&SUID=zr13m62h9kku1kuty8nllnc51o4ruiy2&CANGZIP=Y&CLIENT_PHPVER=8.3.14&stable=Y&mbfo=0&NGINX=Y&SMD=N&rerere=Y&bitm_main=26.200.0&bitm_b24connector=25.0.0&bitm_bitrixcloud=25.100.0&bitm_clouds=25.100.0&bitm_fileman=25.200.200&bitm_highloadblock=25.100.0&bitm_iblock=25.400.0&bitm_landing=26.200.0&bitm_location=25.400.0&bitm_messageservice=25.200.100&bitm_perfmon=25.300.0&bitm_rest=26.0.0&bitm_search=25.200.0&bitm_security=26.0.100&bitm_seo=26.0.0&bitm_socialservices=26.0.0&bitm_translate=26.0.0&bitm_ui=26.150.0&bitl_en=&bitl_ru=&SUPD_SRS=RU&SUPD_CMP=N&SALE_15=Y&LICENSE_SIGNED=%7Enew_license18_0_sign-Y
2026-06-17 13:08:53 -  - exec CUpdateClient::GetHTTPPage
2026-06-17 13:08:53 -  - TIME LoadModulesUpdates(request) 0.669 sec
2026-06-17 13:08:53 -  - exec CUpdateClient::ParseServerData
2026-06-17 13:08:54 - S - STEP
2026-06-17 13:08:54 -  - exec CUpdateClient::LoadModulesUpdates
2026-06-17 13:08:54 -  - exec CUpdateClient::ParseServerData
2026-06-17 13:08:54 -  - loadFile
2026-06-17 13:08:55 - U - RETURN
2026-06-17 13:08:55 -  - exec CUpdateClient::UnGzipArchive
2026-06-17 13:08:56 -  - TIME UnGzipArchive 0.585 sec
2026-06-17 13:08:56 -  - TIME UpdateStepModules 0.539 sec
2026-06-17 13:08:56 - UPD_SUCCESS - Updated: socialservices (26.100.0)<br><li>Исправлена ошибка авторизации через социальные сервисы при открытии страницы авторизации во всплывающем окне. 
2026-06-17 13:08:56 -  - exec CUpdateClient::LoadModulesUpdates
2026-06-17 13:08:56 -  - exec CUpdateClient::CollectRequestData
2026-06-17 13:08:56 -  - LICENSE_KEY=X&lang=ru&SUPD_VER=25.1100.0&VERSION=26.200.0&TYPENC=D&SUPD_STS=1&SUPD_URS=0&SUPD_DBS=MYSQL&XE=N&CLIENT_SITE=lc-bitrix-start.local&SERVER_NAME=&CHHB=lc-bitrix-start.local&CSAB=127.127.126.18&SUID=zr13m62h9kku1kuty8nllnc51o4ruiy2&CANGZIP=Y&CLIENT_PHPVER=8.3.14&stable=Y&mbfo=0&NGINX=Y&SMD=N&rerere=Y&bitm_main=26.200.0&bitm_b24connector=25.0.0&bitm_bitrixcloud=25.100.0&bitm_clouds=25.100.0&bitm_fileman=25.200.200&bitm_highloadblock=25.100.0&bitm_iblock=25.400.0&bitm_landing=26.200.0&bitm_location=25.400.0&bitm_messageservice=25.200.100&bitm_perfmon=25.300.0&bitm_rest=26.0.0&bitm_search=25.200.0&bitm_security=26.0.100&bitm_seo=26.0.0&bitm_socialservices=26.100.0&bitm_translate=26.0.0&bitm_ui=26.150.0&bitl_en=&bitl_ru=&SUPD_SRS=RU&SUPD_CMP=N&SALE_15=Y&LICENSE_SIGNED=%7Enew_license18_0_sign-Y
2026-06-17 13:08:56 -  - exec CUpdateClient::GetHTTPPage
2026-06-17 13:08:57 -  - TIME LoadModulesUpdates(request) 0.708 sec
2026-06-17 13:08:57 -  - exec CUpdateClient::ParseServerData
2026-06-17 13:08:57 - S - STEP
2026-06-17 13:08:58 -  - exec CUpdateClient::LoadModulesUpdates
2026-06-17 13:08:58 -  - exec CUpdateClient::ParseServerData
2026-06-17 13:08:58 -  - loadFile
2026-06-17 13:08:58 - U - RETURN
2026-06-17 13:08:58 -  - exec CUpdateClient::UnGzipArchive
2026-06-17 13:08:58 -  - TIME UnGzipArchive 0.053 sec
2026-06-17 13:08:59 -  - TIME UpdateStepModules 0.04 sec
2026-06-17 13:08:59 - UPD_SUCCESS - Updated: rest (26.0.100)<br><li>Незначительные изменения.
2026-06-17 13:08:59 -  - exec CUpdateClient::LoadModulesUpdates
2026-06-17 13:08:59 -  - exec CUpdateClient::CollectRequestData
2026-06-17 13:08:59 -  - LICENSE_KEY=X&lang=ru&SUPD_VER=25.1100.0&VERSION=26.200.0&TYPENC=D&SUPD_STS=1&SUPD_URS=0&SUPD_DBS=MYSQL&XE=N&CLIENT_SITE=lc-bitrix-start.local&SERVER_NAME=&CHHB=lc-bitrix-start.local&CSAB=127.127.126.18&SUID=zr13m62h9kku1kuty8nllnc51o4ruiy2&CANGZIP=Y&CLIENT_PHPVER=8.3.14&stable=Y&mbfo=0&NGINX=Y&SMD=N&rerere=Y&bitm_main=26.200.0&bitm_b24connector=25.0.0&bitm_bitrixcloud=25.100.0&bitm_clouds=25.100.0&bitm_fileman=25.200.200&bitm_highloadblock=25.100.0&bitm_iblock=25.400.0&bitm_landing=26.200.0&bitm_location=25.400.0&bitm_messageservice=25.200.100&bitm_perfmon=25.300.0&bitm_rest=26.0.100&bitm_search=25.200.0&bitm_security=26.0.100&bitm_seo=26.0.0&bitm_socialservices=26.100.0&bitm_translate=26.0.0&bitm_ui=26.150.0&bitl_en=&bitl_ru=&SUPD_SRS=RU&SUPD_CMP=N&SALE_15=Y&LICENSE_SIGNED=%7Enew_license18_0_sign-Y
2026-06-17 13:08:59 -  - exec CUpdateClient::GetHTTPPage
2026-06-17 13:09:00 -  - TIME LoadModulesUpdates(request) 0.685 sec
2026-06-17 13:09:00 -  - exec CUpdateClient::ParseServerData
2026-06-17 13:09:00 - S - STEP
2026-06-17 13:09:00 -  - exec CUpdateClient::LoadModulesUpdates
2026-06-17 13:09:00 -  - exec CUpdateClient::ParseServerData
2026-06-17 13:09:00 -  - loadFile
2026-06-17 13:09:01 - U - RETURN
2026-06-17 13:09:01 -  - exec CUpdateClient::UnGzipArchive
2026-06-17 13:09:02 -  - TIME UnGzipArchive 1.115 sec
2026-06-17 13:09:02 - CSURUS1 - Run updater '/bitrix/updates/update_m1781690941/rest/updater26.100.0.php'
2026-06-17 13:09:02 - CRUPDCF1 - Run updater '/bitrix/updates/update_m1781690941/rest/updater26.100.0.php': CopyFiles(install/components, components)
2026-06-17 13:09:03 -  - TIME UpdateStepModules 0.822 sec
2026-06-17 13:09:03 - UPD_SUCCESS - Updated: rest (26.100.0)<br><li>Улучшена производительность модуля.
2026-06-17 13:09:04 -  - exec CUpdateClient::LoadModulesUpdates
2026-06-17 13:09:04 -  - exec CUpdateClient::CollectRequestData
2026-06-17 13:09:04 -  - LICENSE_KEY=X&lang=ru&SUPD_VER=25.1100.0&VERSION=26.200.0&TYPENC=D&SUPD_STS=1&SUPD_URS=0&SUPD_DBS=MYSQL&XE=N&CLIENT_SITE=lc-bitrix-start.local&SERVER_NAME=&CHHB=lc-bitrix-start.local&CSAB=127.127.126.18&SUID=zr13m62h9kku1kuty8nllnc51o4ruiy2&CANGZIP=Y&CLIENT_PHPVER=8.3.14&stable=Y&mbfo=0&NGINX=Y&SMD=N&rerere=Y&bitm_main=26.200.0&bitm_b24connector=25.0.0&bitm_bitrixcloud=25.100.0&bitm_clouds=25.100.0&bitm_fileman=25.200.200&bitm_highloadblock=25.100.0&bitm_iblock=25.400.0&bitm_landing=26.200.0&bitm_location=25.400.0&bitm_messageservice=25.200.100&bitm_perfmon=25.300.0&bitm_rest=26.100.0&bitm_search=25.200.0&bitm_security=26.0.100&bitm_seo=26.0.0&bitm_socialservices=26.100.0&bitm_translate=26.0.0&bitm_ui=26.150.0&bitl_en=&bitl_ru=&SUPD_SRS=RU&SUPD_CMP=N&SALE_15=Y&LICENSE_SIGNED=%7Enew_license18_0_sign-Y
2026-06-17 13:09:04 -  - exec CUpdateClient::GetHTTPPage
2026-06-17 13:09:04 -  - TIME LoadModulesUpdates(request) 0.715 sec
2026-06-17 13:09:04 -  - exec CUpdateClient::ParseServerData
2026-06-17 13:09:05 - S - STEP
2026-06-17 13:09:05 -  - exec CUpdateClient::LoadModulesUpdates
2026-06-17 13:09:05 -  - exec CUpdateClient::ParseServerData
2026-06-17 13:09:05 -  - loadFile
2026-06-17 13:09:06 - U - RETURN
2026-06-17 13:09:06 -  - exec CUpdateClient::UnGzipArchive
2026-06-17 13:09:06 -  - TIME UnGzipArchive 0.143 sec
2026-06-17 13:09:06 - CSURUS1 - Run updater '/bitrix/updates/update_m1781690946/rest/updater26.100.100.php'
2026-06-17 13:09:06 - CRUPDCF1 - Run updater '/bitrix/updates/update_m1781690946/rest/updater26.100.100.php': CopyFiles(install/components, components)
2026-06-17 13:09:06 -  - TIME UpdateStepModules 0.202 sec
2026-06-17 13:09:06 - UPD_SUCCESS - Updated: rest (26.100.100)<br><li>Технические улучшения в функционале \"главная страница\".
2026-06-17 13:09:06 -  - exec CUpdateClient::LoadModulesUpdates
2026-06-17 13:09:06 -  - exec CUpdateClient::CollectRequestData
2026-06-17 13:09:06 -  - LICENSE_KEY=X&lang=ru&SUPD_VER=25.1100.0&VERSION=26.200.0&TYPENC=D&SUPD_STS=1&SUPD_URS=0&SUPD_DBS=MYSQL&XE=N&CLIENT_SITE=lc-bitrix-start.local&SERVER_NAME=&CHHB=lc-bitrix-start.local&CSAB=127.127.126.18&SUID=zr13m62h9kku1kuty8nllnc51o4ruiy2&CANGZIP=Y&CLIENT_PHPVER=8.3.14&stable=Y&mbfo=0&NGINX=Y&SMD=N&rerere=Y&bitm_main=26.200.0&bitm_b24connector=25.0.0&bitm_bitrixcloud=25.100.0&bitm_clouds=25.100.0&bitm_fileman=25.200.200&bitm_highloadblock=25.100.0&bitm_iblock=25.400.0&bitm_landing=26.200.0&bitm_location=25.400.0&bitm_messageservice=25.200.100&bitm_perfmon=25.300.0&bitm_rest=26.100.100&bitm_search=25.200.0&bitm_security=26.0.100&bitm_seo=26.0.0&bitm_socialservices=26.100.0&bitm_translate=26.0.0&bitm_ui=26.150.0&bitl_en=&bitl_ru=&SUPD_SRS=RU&SUPD_CMP=N&SALE_15=Y&LICENSE_SIGNED=%7Enew_license18_0_sign-Y
2026-06-17 13:09:06 -  - exec CUpdateClient::GetHTTPPage
2026-06-17 13:09:07 -  - TIME LoadModulesUpdates(request) 0.68 sec
2026-06-17 13:09:07 -  - exec CUpdateClient::ParseServerData
2026-06-17 13:09:07 - S - STEP
2026-06-17 13:09:07 -  - exec CUpdateClient::LoadModulesUpdates
2026-06-17 13:09:07 -  - exec CUpdateClient::ParseServerData
2026-06-17 13:09:08 -  - loadFile
2026-06-17 13:09:09 - U - RETURN
2026-06-17 13:09:09 -  - exec CUpdateClient::UnGzipArchive
2026-06-17 13:09:12 -  - TIME UnGzipArchive 2.57 sec
2026-06-17 13:09:12 - CSURUS1 - Run updater '/bitrix/updates/update_m1781690949/rest/updater26.200.0.php'
2026-06-17 13:09:12 - CRUPDCDF2 - Run updater '/bitrix/updates/update_m1781690949/rest/updater26.200.0.php': Query(				INSERT IGNORE INTO b_rest_access_permission (ENTITY_TYPE, ACCESS_CODE, PERMISSION)
				VALUES 
				('incoming_webhook', 'UA', 'create_own'),
				('incoming_webhook', 'UA', 'manage_own'), )
2026-06-17 13:09:12 - CRUPDCDF2 - Run updater '/bitrix/updates/update_m1781690949/rest/updater26.200.0.php': Query(
				CREATE TABLE b_rest_system_user (
					ID BIGINT UNSIGNED NOT NULL AUTO_INCREMENT,
					USER_ID INT NOT NULL,
					ACCOUNT_TYPE VARCHAR(32) NOT NULL,
					RESOURCE_TYPE VARCHAR(32) NOT NULL,
					RESOURCE_ID INT NOT NULL,
					PRIMARY KEY (ID),
					INDEX idx_brsu_resource_id_resource_type (RESOURCE_ID, RESOURCE_TYPE)
				)
			, )
2026-06-17 13:09:12 - CRUPDCF1 - Run updater '/bitrix/updates/update_m1781690949/rest/updater26.200.0.php': CopyFiles(install/components, components)
2026-06-17 13:09:14 -  - TIME UpdateStepModules 1.96 sec
2026-06-17 13:09:14 - UPD_SUCCESS - Updated: rest (26.200.0)<br><li>Добавлена новая таблица b_rest_system_user для учета системных пользователей rest. <li>Восстановлена возможность создать Битрикс24 с предустановленным приложением. <li>Доработано отображение страницы приложения. <li>ONAPPINSTALL для приложений категорий \"Настраивать CRM\" и \"Шаблон отчеты PowerBi\". 
2026-06-17 13:09:14 -  - exec CUpdateClient::LoadModulesUpdates
2026-06-17 13:09:14 -  - exec CUpdateClient::CollectRequestData
2026-06-17 13:09:14 -  - LICENSE_KEY=X&lang=ru&SUPD_VER=25.1100.0&VERSION=26.200.0&TYPENC=D&SUPD_STS=1&SUPD_URS=0&SUPD_DBS=MYSQL&XE=N&CLIENT_SITE=lc-bitrix-start.local&SERVER_NAME=&CHHB=lc-bitrix-start.local&CSAB=127.127.126.18&SUID=zr13m62h9kku1kuty8nllnc51o4ruiy2&CANGZIP=Y&CLIENT_PHPVER=8.3.14&stable=Y&mbfo=0&NGINX=Y&SMD=N&rerere=Y&bitm_main=26.200.0&bitm_b24connector=25.0.0&bitm_bitrixcloud=25.100.0&bitm_clouds=25.100.0&bitm_fileman=25.200.200&bitm_highloadblock=25.100.0&bitm_iblock=25.400.0&bitm_landing=26.200.0&bitm_location=25.400.0&bitm_messageservice=25.200.100&bitm_perfmon=25.300.0&bitm_rest=26.200.0&bitm_search=25.200.0&bitm_security=26.0.100&bitm_seo=26.0.0&bitm_socialservices=26.100.0&bitm_translate=26.0.0&bitm_ui=26.150.0&bitl_en=&bitl_ru=&SUPD_SRS=RU&SUPD_CMP=N&SALE_15=Y&LICENSE_SIGNED=%7Enew_license18_0_sign-Y
2026-06-17 13:09:14 -  - exec CUpdateClient::GetHTTPPage
2026-06-17 13:09:15 -  - TIME LoadModulesUpdates(request) 0.687 sec
2026-06-17 13:09:15 -  - exec CUpdateClient::ParseServerData
2026-06-17 13:09:15 - S - STEP
2026-06-17 13:09:15 -  - exec CUpdateClient::LoadModulesUpdates
2026-06-17 13:09:15 -  - exec CUpdateClient::ParseServerData
2026-06-17 13:09:15 -  - loadFile
2026-06-17 13:09:16 - U - RETURN
2026-06-17 13:09:16 -  - exec CUpdateClient::UnGzipArchive
2026-06-17 13:09:16 -  - TIME UnGzipArchive 0.072 sec
2026-06-17 13:09:16 - CSURUS1 - Run updater '/bitrix/updates/update_m1781690956/rest/updater26.200.100.php'
2026-06-17 13:09:16 -  - TIME UpdateStepModules 0.026 sec
2026-06-17 13:09:16 - UPD_SUCCESS - Updated: rest (26.200.100)<br><li>Удаление лишней колонки и индексов для таблицы b_rest_system_user. 
2026-06-17 13:09:17 -  - exec CUpdateClient::LoadModulesUpdates
2026-06-17 13:09:17 -  - exec CUpdateClient::CollectRequestData
2026-06-17 13:09:17 -  - LICENSE_KEY=X&lang=ru&SUPD_VER=25.1100.0&VERSION=26.200.0&TYPENC=D&SUPD_STS=1&SUPD_URS=0&SUPD_DBS=MYSQL&XE=N&CLIENT_SITE=lc-bitrix-start.local&SERVER_NAME=&CHHB=lc-bitrix-start.local&CSAB=127.127.126.18&SUID=zr13m62h9kku1kuty8nllnc51o4ruiy2&CANGZIP=Y&CLIENT_PHPVER=8.3.14&stable=Y&mbfo=0&NGINX=Y&SMD=N&rerere=Y&bitm_main=26.200.0&bitm_b24connector=25.0.0&bitm_bitrixcloud=25.100.0&bitm_clouds=25.100.0&bitm_fileman=25.200.200&bitm_highloadblock=25.100.0&bitm_iblock=25.400.0&bitm_landing=26.200.0&bitm_location=25.400.0&bitm_messageservice=25.200.100&bitm_perfmon=25.300.0&bitm_rest=26.200.100&bitm_search=25.200.0&bitm_security=26.0.100&bitm_seo=26.0.0&bitm_socialservices=26.100.0&bitm_translate=26.0.0&bitm_ui=26.150.0&bitl_en=&bitl_ru=&SUPD_SRS=RU&SUPD_CMP=N&SALE_15=Y&LICENSE_SIGNED=%7Enew_license18_0_sign-Y
2026-06-17 13:09:17 -  - exec CUpdateClient::GetHTTPPage
2026-06-17 13:09:17 -  - TIME LoadModulesUpdates(request) 0.691 sec
2026-06-17 13:09:17 -  - exec CUpdateClient::ParseServerData
2026-06-17 13:09:17 - S - STEP
2026-06-17 13:09:18 -  - exec CUpdateClient::LoadModulesUpdates
2026-06-17 13:09:18 -  - exec CUpdateClient::ParseServerData
2026-06-17 13:09:18 -  - loadFile
2026-06-17 13:09:19 - U - RETURN
2026-06-17 13:09:19 -  - exec CUpdateClient::UnGzipArchive
2026-06-17 13:09:19 -  - TIME UnGzipArchive 0.05 sec
2026-06-17 13:09:19 -  - TIME UpdateStepModules 0.036 sec
2026-06-17 13:09:19 - UPD_SUCCESS - Updated: rest (26.200.200)<br><li>Разработчикам: метод user.get теперь по умолчанию сортирует пользователей по возрастанию ID.
2026-06-17 13:09:19 -  - exec CUpdateClient::LoadModulesUpdates
2026-06-17 13:09:19 -  - exec CUpdateClient::CollectRequestData
2026-06-17 13:09:19 -  - LICENSE_KEY=X&lang=ru&SUPD_VER=25.1100.0&VERSION=26.200.0&TYPENC=D&SUPD_STS=1&SUPD_URS=0&SUPD_DBS=MYSQL&XE=N&CLIENT_SITE=lc-bitrix-start.local&SERVER_NAME=&CHHB=lc-bitrix-start.local&CSAB=127.127.126.18&SUID=zr13m62h9kku1kuty8nllnc51o4ruiy2&CANGZIP=Y&CLIENT_PHPVER=8.3.14&stable=Y&mbfo=0&NGINX=Y&SMD=N&rerere=Y&bitm_main=26.200.0&bitm_b24connector=25.0.0&bitm_bitrixcloud=25.100.0&bitm_clouds=25.100.0&bitm_fileman=25.200.200&bitm_highloadblock=25.100.0&bitm_iblock=25.400.0&bitm_landing=26.200.0&bitm_location=25.400.0&bitm_messageservice=25.200.100&bitm_perfmon=25.300.0&bitm_rest=26.200.200&bitm_search=25.200.0&bitm_security=26.0.100&bitm_seo=26.0.0&bitm_socialservices=26.100.0&bitm_translate=26.0.0&bitm_ui=26.150.0&bitl_en=&bitl_ru=&SUPD_SRS=RU&SUPD_CMP=N&SALE_15=Y&LICENSE_SIGNED=%7Enew_license18_0_sign-Y
2026-06-17 13:09:19 -  - exec CUpdateClient::GetHTTPPage
2026-06-17 13:09:20 -  - TIME LoadModulesUpdates(request) 0.675 sec
2026-06-17 13:09:20 -  - exec CUpdateClient::ParseServerData
2026-06-17 13:09:20 - S - STEP
2026-06-17 13:09:20 -  - exec CUpdateClient::LoadModulesUpdates
2026-06-17 13:09:20 -  - exec CUpdateClient::ParseServerData
2026-06-17 13:09:20 -  - loadFile
2026-06-17 13:09:21 - U - RETURN
2026-06-17 13:09:21 -  - exec CUpdateClient::UnGzipArchive
2026-06-17 13:09:21 -  - TIME UnGzipArchive 0.189 sec
2026-06-17 13:09:21 - CSURUS1 - Run updater '/bitrix/updates/update_m1781690961/messageservice/updater26.0.0.php'
2026-06-17 13:09:21 - CRUPDCF1 - Run updater '/bitrix/updates/update_m1781690961/messageservice/updater26.0.0.php': CopyFiles(install/components, components)
2026-06-17 13:09:21 -  - TIME UpdateStepModules 0.152 sec
2026-06-17 13:09:21 - UPD_SUCCESS - Updated: messageservice (26.0.0)<br><li>Отображение файлов, а не ссылок в ru-регионе.
2026-06-17 13:09:22 -  - exec CUpdateClient::LoadModulesUpdates
2026-06-17 13:09:22 -  - exec CUpdateClient::CollectRequestData
2026-06-17 13:09:22 -  - LICENSE_KEY=X&lang=ru&SUPD_VER=25.1100.0&VERSION=26.200.0&TYPENC=D&SUPD_STS=1&SUPD_URS=0&SUPD_DBS=MYSQL&XE=N&CLIENT_SITE=lc-bitrix-start.local&SERVER_NAME=&CHHB=lc-bitrix-start.local&CSAB=127.127.126.18&SUID=zr13m62h9kku1kuty8nllnc51o4ruiy2&CANGZIP=Y&CLIENT_PHPVER=8.3.14&stable=Y&mbfo=0&NGINX=Y&SMD=N&rerere=Y&bitm_main=26.200.0&bitm_b24connector=25.0.0&bitm_bitrixcloud=25.100.0&bitm_clouds=25.100.0&bitm_fileman=25.200.200&bitm_highloadblock=25.100.0&bitm_iblock=25.400.0&bitm_landing=26.200.0&bitm_location=25.400.0&bitm_messageservice=26.0.0&bitm_perfmon=25.300.0&bitm_rest=26.200.200&bitm_search=25.200.0&bitm_security=26.0.100&bitm_seo=26.0.0&bitm_socialservices=26.100.0&bitm_translate=26.0.0&bitm_ui=26.150.0&bitl_en=&bitl_ru=&SUPD_SRS=RU&SUPD_CMP=N&SALE_15=Y&LICENSE_SIGNED=%7Enew_license18_0_sign-Y
2026-06-17 13:09:22 -  - exec CUpdateClient::GetHTTPPage
2026-06-17 13:09:22 -  - TIME LoadModulesUpdates(request) 0.657 sec
2026-06-17 13:09:22 -  - exec CUpdateClient::ParseServerData
2026-06-17 13:09:22 - S - STEP
2026-06-17 13:09:23 -  - exec CUpdateClient::LoadModulesUpdates
2026-06-17 13:09:23 -  - exec CUpdateClient::ParseServerData
2026-06-17 13:09:23 -  - loadFile
2026-06-17 13:09:27 - U - RETURN
2026-06-17 13:09:27 -  - exec CUpdateClient::UnGzipArchive
2026-06-17 13:09:36 -  - TIME UnGzipArchive 8.974 sec
2026-06-17 13:09:36 - CSURUS1 - Run updater '/bitrix/updates/update_m1781690967/landing/updater26.300.0.php'
2026-06-17 13:09:36 - CRUPDCF1 - Run updater '/bitrix/updates/update_m1781690967/landing/updater26.300.0.php': CopyFiles(install/components, components)
2026-06-17 13:09:38 - CRUPDCF1 - Run updater '/bitrix/updates/update_m1781690967/landing/updater26.300.0.php': CopyFiles(install/js, js)
2026-06-17 13:09:39 - CRUPDCF1 - Run updater '/bitrix/updates/update_m1781690967/landing/updater26.300.0.php': CopyFiles(install/blocks, blocks)
2026-06-17 13:09:39 - CRUPDCDF2 - Run updater '/bitrix/updates/update_m1781690967/landing/updater26.300.0.php': Query(
				create table if not exists b_landing_vibe
				(
					ID int not null auto_increment,
					MODULE_ID varchar(255) not null,
					EMBED_ID varchar(255) not null,
					PROVIDER_CLASS varchar(255) not null,
					SITE_ID int not null,
					STATUS char(1) not null,
					PRIMARY KEY (ID),
					INDEX IX_LANDING_VIBE_MODULE_ID_EMBED_ID (MODULE_ID, EMBED_ID),
					INDEX IX_LANDING_VIBE_SITE_ID (SITE_ID)
				);
			, )
2026-06-17 13:09:45 -  - TIME UpdateStepModules 8.454 sec
2026-06-17 13:09:45 - UPD_SUCCESS - Updated: landing (26.300.0)<br><li>Технические улучшения в функционале \"главная страница\".
2026-06-17 13:09:45 -  - exec CUpdateClient::LoadModulesUpdates
2026-06-17 13:09:45 -  - exec CUpdateClient::CollectRequestData
2026-06-17 13:09:45 -  - LICENSE_KEY=X&lang=ru&SUPD_VER=25.1100.0&VERSION=26.200.0&TYPENC=D&SUPD_STS=1&SUPD_URS=0&SUPD_DBS=MYSQL&XE=N&CLIENT_SITE=lc-bitrix-start.local&SERVER_NAME=&CHHB=lc-bitrix-start.local&CSAB=127.127.126.18&SUID=zr13m62h9kku1kuty8nllnc51o4ruiy2&CANGZIP=Y&CLIENT_PHPVER=8.3.14&stable=Y&mbfo=0&NGINX=Y&SMD=N&rerere=Y&bitm_main=26.200.0&bitm_b24connector=25.0.0&bitm_bitrixcloud=25.100.0&bitm_clouds=25.100.0&bitm_fileman=25.200.200&bitm_highloadblock=25.100.0&bitm_iblock=25.400.0&bitm_landing=26.300.0&bitm_location=25.400.0&bitm_messageservice=26.0.0&bitm_perfmon=25.300.0&bitm_rest=26.200.200&bitm_search=25.200.0&bitm_security=26.0.100&bitm_seo=26.0.0&bitm_socialservices=26.100.0&bitm_translate=26.0.0&bitm_ui=26.150.0&bitl_en=&bitl_ru=&SUPD_SRS=RU&SUPD_CMP=N&SALE_15=Y&LICENSE_SIGNED=%7Enew_license18_0_sign-Y
2026-06-17 13:09:45 -  - exec CUpdateClient::GetHTTPPage
2026-06-17 13:09:46 -  - TIME LoadModulesUpdates(request) 0.648 sec
2026-06-17 13:09:46 -  - exec CUpdateClient::ParseServerData
2026-06-17 13:09:46 - S - STEP
2026-06-17 13:09:46 -  - exec CUpdateClient::LoadModulesUpdates
2026-06-17 13:09:46 -  - exec CUpdateClient::ParseServerData
2026-06-17 13:09:46 -  - loadFile
2026-06-17 13:09:47 - U - RETURN
2026-06-17 13:09:47 -  - exec CUpdateClient::UnGzipArchive
2026-06-17 13:09:47 -  - TIME UnGzipArchive 0.023 sec
2026-06-17 13:09:47 -  - TIME UpdateStepModules 0.005 sec
2026-06-17 13:09:47 - UPD_SUCCESS - Updated: landing (26.300.100)<br><li>Улучшена производительность вайбов.
2026-06-17 13:09:47 -  - exec CUpdateClient::LoadModulesUpdates
2026-06-17 13:09:47 -  - exec CUpdateClient::CollectRequestData
2026-06-17 13:09:47 -  - LICENSE_KEY=X&lang=ru&SUPD_VER=25.1100.0&VERSION=26.200.0&TYPENC=D&SUPD_STS=1&SUPD_URS=0&SUPD_DBS=MYSQL&XE=N&CLIENT_SITE=lc-bitrix-start.local&SERVER_NAME=&CHHB=lc-bitrix-start.local&CSAB=127.127.126.18&SUID=zr13m62h9kku1kuty8nllnc51o4ruiy2&CANGZIP=Y&CLIENT_PHPVER=8.3.14&stable=Y&mbfo=0&NGINX=Y&SMD=N&rerere=Y&bitm_main=26.200.0&bitm_b24connector=25.0.0&bitm_bitrixcloud=25.100.0&bitm_clouds=25.100.0&bitm_fileman=25.200.200&bitm_highloadblock=25.100.0&bitm_iblock=25.400.0&bitm_landing=26.300.100&bitm_location=25.400.0&bitm_messageservice=26.0.0&bitm_perfmon=25.300.0&bitm_rest=26.200.200&bitm_search=25.200.0&bitm_security=26.0.100&bitm_seo=26.0.0&bitm_socialservices=26.100.0&bitm_translate=26.0.0&bitm_ui=26.150.0&bitl_en=&bitl_ru=&SUPD_SRS=RU&SUPD_CMP=N&SALE_15=Y&LICENSE_SIGNED=%7Enew_license18_0_sign-Y
2026-06-17 13:09:47 -  - exec CUpdateClient::GetHTTPPage
2026-06-17 13:09:48 -  - TIME LoadModulesUpdates(request) 0.659 sec
2026-06-17 13:09:48 -  - exec CUpdateClient::ParseServerData
2026-06-17 13:09:48 - S - STEP
2026-06-17 13:09:49 -  - exec CUpdateClient::LoadModulesUpdates
2026-06-17 13:09:49 -  - exec CUpdateClient::ParseServerData
2026-06-17 13:09:49 -  - loadFile
2026-06-17 13:09:50 - U - RETURN
2026-06-17 13:09:50 -  - exec CUpdateClient::UnGzipArchive
2026-06-17 13:09:51 -  - TIME UnGzipArchive 0.965 sec
2026-06-17 13:09:51 - CSURUS1 - Run updater '/bitrix/updates/update_m1781690990/landing/updater26.400.0.php'
2026-06-17 13:09:51 - CRUPDCF1 - Run updater '/bitrix/updates/update_m1781690990/landing/updater26.400.0.php': CopyFiles(install/components, components)
2026-06-17 13:09:51 - CRUPDCF1 - Run updater '/bitrix/updates/update_m1781690990/landing/updater26.400.0.php': CopyFiles(install/js, js)
2026-06-17 13:09:52 -  - TIME UpdateStepModules 0.988 sec
2026-06-17 13:09:52 - UPD_SUCCESS - Updated: landing (26.400.0)<br><li>Исправлена ошибка в конструкторе сайтов.
2026-06-17 13:09:52 -  - exec CUpdateClient::LoadModulesUpdates
2026-06-17 13:09:52 -  - exec CUpdateClient::CollectRequestData
2026-06-17 13:09:52 -  - LICENSE_KEY=X&lang=ru&SUPD_VER=25.1100.0&VERSION=26.200.0&TYPENC=D&SUPD_STS=1&SUPD_URS=0&SUPD_DBS=MYSQL&XE=N&CLIENT_SITE=lc-bitrix-start.local&SERVER_NAME=&CHHB=lc-bitrix-start.local&CSAB=127.127.126.18&SUID=zr13m62h9kku1kuty8nllnc51o4ruiy2&CANGZIP=Y&CLIENT_PHPVER=8.3.14&stable=Y&mbfo=0&NGINX=Y&SMD=N&rerere=Y&bitm_main=26.200.0&bitm_b24connector=25.0.0&bitm_bitrixcloud=25.100.0&bitm_clouds=25.100.0&bitm_fileman=25.200.200&bitm_highloadblock=25.100.0&bitm_iblock=25.400.0&bitm_landing=26.400.0&bitm_location=25.400.0&bitm_messageservice=26.0.0&bitm_perfmon=25.300.0&bitm_rest=26.200.200&bitm_search=25.200.0&bitm_security=26.0.100&bitm_seo=26.0.0&bitm_socialservices=26.100.0&bitm_translate=26.0.0&bitm_ui=26.150.0&bitl_en=&bitl_ru=&SUPD_SRS=RU&SUPD_CMP=N&SALE_15=Y&LICENSE_SIGNED=%7Enew_license18_0_sign-Y
2026-06-17 13:09:52 -  - exec CUpdateClient::GetHTTPPage
2026-06-17 13:09:53 -  - TIME LoadModulesUpdates(request) 0.692 sec
2026-06-17 13:09:53 -  - exec CUpdateClient::ParseServerData
2026-06-17 13:09:53 - S - STEP
2026-06-17 13:09:54 -  - exec CUpdateClient::LoadModulesUpdates
2026-06-17 13:09:54 -  - exec CUpdateClient::ParseServerData
2026-06-17 13:09:54 -  - loadFile
2026-06-17 13:09:55 - U - RETURN
2026-06-17 13:09:55 -  - exec CUpdateClient::UnGzipArchive
2026-06-17 13:09:55 -  - TIME UnGzipArchive 0.228 sec
2026-06-17 13:09:55 - CSURUS1 - Run updater '/bitrix/updates/update_m1781690995/location/updater26.0.0/index.php'
2026-06-17 13:09:55 - CRUPDCF1 - Run updater '/bitrix/updates/update_m1781690995/location/updater26.0.0/index.php': CopyFiles(install/js, js)
2026-06-17 13:09:55 -  - TIME UpdateStepModules 0.316 sec
2026-06-17 13:09:55 - UPD_SUCCESS - Updated: location (26.0.0)<br><li>Исправлена проблема \"В модуле location модифицированы файлы и найдены неизвестные файлы\". 
2026-06-17 13:09:56 -  - exec CUpdateClient::LoadModulesUpdates
2026-06-17 13:09:56 -  - exec CUpdateClient::CollectRequestData
2026-06-17 13:09:56 -  - LICENSE_KEY=X&lang=ru&SUPD_VER=25.1100.0&VERSION=26.200.0&TYPENC=D&SUPD_STS=1&SUPD_URS=0&SUPD_DBS=MYSQL&XE=N&CLIENT_SITE=lc-bitrix-start.local&SERVER_NAME=&CHHB=lc-bitrix-start.local&CSAB=127.127.126.18&SUID=zr13m62h9kku1kuty8nllnc51o4ruiy2&CANGZIP=Y&CLIENT_PHPVER=8.3.14&stable=Y&mbfo=0&NGINX=Y&SMD=N&rerere=Y&bitm_main=26.200.0&bitm_b24connector=25.0.0&bitm_bitrixcloud=25.100.0&bitm_clouds=25.100.0&bitm_fileman=25.200.200&bitm_highloadblock=25.100.0&bitm_iblock=25.400.0&bitm_landing=26.400.0&bitm_location=26.0.0&bitm_messageservice=26.0.0&bitm_perfmon=25.300.0&bitm_rest=26.200.200&bitm_search=25.200.0&bitm_security=26.0.100&bitm_seo=26.0.0&bitm_socialservices=26.100.0&bitm_translate=26.0.0&bitm_ui=26.150.0&bitl_en=&bitl_ru=&SUPD_SRS=RU&SUPD_CMP=N&SALE_15=Y&LICENSE_SIGNED=%7Enew_license18_0_sign-Y
2026-06-17 13:09:56 -  - exec CUpdateClient::GetHTTPPage
2026-06-17 13:09:56 -  - TIME LoadModulesUpdates(request) 0.69 sec
2026-06-17 13:09:56 -  - exec CUpdateClient::ParseServerData
2026-06-17 13:09:57 - S - STEP
2026-06-17 13:09:57 -  - exec CUpdateClient::LoadModulesUpdates
2026-06-17 13:09:57 -  - exec CUpdateClient::ParseServerData
2026-06-17 13:09:57 -  - loadFile
2026-06-17 13:09:58 - U - RETURN
2026-06-17 13:09:58 -  - exec CUpdateClient::UnGzipArchive
2026-06-17 13:09:59 -  - TIME UnGzipArchive 0.607 sec
2026-06-17 13:09:59 - CSURUS1 - Run updater '/bitrix/updates/update_m1781690998/main/updater26.250.0.php'
2026-06-17 13:09:59 - CRUPDCF1 - Run updater '/bitrix/updates/update_m1781690998/main/updater26.250.0.php': CopyFiles(install/components, components)
2026-06-17 13:09:59 - CRUPDCF1 - Run updater '/bitrix/updates/update_m1781690998/main/updater26.250.0.php': CopyFiles(install/js, js)
2026-06-17 13:09:59 - CSURUS1 - Run updater '/bitrix/updates/update_m1781690998/ui/updater26.175.0.php'
2026-06-17 13:09:59 - CRUPDCF1 - Run updater '/bitrix/updates/update_m1781690998/ui/updater26.175.0.php': CopyFiles(install/js, js)
2026-06-17 13:10:00 -  - TIME UpdateStepModules 0.852 sec
2026-06-17 13:10:00 - UPD_SUCCESS - Updated: main (26.250.0)<br><li>Улучшена настройка имени почтового отправителя. 
2026-06-17 13:10:00 - UPD_SUCCESS - Updated: ui (26.175.0)<br><li>Улучшена настройка имени почтового отправителя. 
2026-06-17 13:10:00 -  - exec CUpdateClient::LoadModulesUpdates
2026-06-17 13:10:00 -  - exec CUpdateClient::CollectRequestData
2026-06-17 13:10:00 -  - LICENSE_KEY=X&lang=ru&SUPD_VER=25.1100.0&VERSION=26.250.0&TYPENC=D&SUPD_STS=1&SUPD_URS=0&SUPD_DBS=MYSQL&XE=N&CLIENT_SITE=lc-bitrix-start.local&SERVER_NAME=&CHHB=lc-bitrix-start.local&CSAB=127.127.126.18&SUID=zr13m62h9kku1kuty8nllnc51o4ruiy2&CANGZIP=Y&CLIENT_PHPVER=8.3.14&stable=Y&mbfo=0&NGINX=Y&SMD=N&rerere=Y&bitm_main=26.250.0&bitm_b24connector=25.0.0&bitm_bitrixcloud=25.100.0&bitm_clouds=25.100.0&bitm_fileman=25.200.200&bitm_highloadblock=25.100.0&bitm_iblock=25.400.0&bitm_landing=26.400.0&bitm_location=26.0.0&bitm_messageservice=26.0.0&bitm_perfmon=25.300.0&bitm_rest=26.200.200&bitm_search=25.200.0&bitm_security=26.0.100&bitm_seo=26.0.0&bitm_socialservices=26.100.0&bitm_translate=26.0.0&bitm_ui=26.175.0&bitl_en=&bitl_ru=&SUPD_SRS=RU&SUPD_CMP=N&SALE_15=Y&LICENSE_SIGNED=%7Enew_license18_0_sign-Y
2026-06-17 13:10:00 -  - exec CUpdateClient::GetHTTPPage
2026-06-17 13:10:01 -  - TIME LoadModulesUpdates(request) 0.689 sec
2026-06-17 13:10:01 -  - exec CUpdateClient::ParseServerData
2026-06-17 13:10:01 - S - STEP
2026-06-17 13:10:01 -  - exec CUpdateClient::LoadModulesUpdates
2026-06-17 13:10:01 -  - exec CUpdateClient::ParseServerData
2026-06-17 13:10:01 -  - loadFile
2026-06-17 13:10:02 - U - RETURN
2026-06-17 13:10:02 -  - exec CUpdateClient::UnGzipArchive
2026-06-17 13:10:02 -  - TIME UnGzipArchive 0.045 sec
2026-06-17 13:10:02 -  - TIME UpdateStepModules 0.036 sec
2026-06-17 13:10:02 - UPD_SUCCESS - Updated: main (26.250.100)<br><li>Пользователь с типом rest_system исключается из списка пользователей для отображения. 
2026-06-17 13:10:02 -  - exec CUpdateClient::LoadModulesUpdates
2026-06-17 13:10:02 -  - exec CUpdateClient::CollectRequestData
2026-06-17 13:10:02 -  - LICENSE_KEY=X&lang=ru&SUPD_VER=25.1100.0&VERSION=26.250.100&TYPENC=D&SUPD_STS=1&SUPD_URS=0&SUPD_DBS=MYSQL&XE=N&CLIENT_SITE=lc-bitrix-start.local&SERVER_NAME=&CHHB=lc-bitrix-start.local&CSAB=127.127.126.18&SUID=zr13m62h9kku1kuty8nllnc51o4ruiy2&CANGZIP=Y&CLIENT_PHPVER=8.3.14&stable=Y&mbfo=0&NGINX=Y&SMD=N&rerere=Y&bitm_main=26.250.100&bitm_b24connector=25.0.0&bitm_bitrixcloud=25.100.0&bitm_clouds=25.100.0&bitm_fileman=25.200.200&bitm_highloadblock=25.100.0&bitm_iblock=25.400.0&bitm_landing=26.400.0&bitm_location=26.0.0&bitm_messageservice=26.0.0&bitm_perfmon=25.300.0&bitm_rest=26.200.200&bitm_search=25.200.0&bitm_security=26.0.100&bitm_seo=26.0.0&bitm_socialservices=26.100.0&bitm_translate=26.0.0&bitm_ui=26.175.0&bitl_en=&bitl_ru=&SUPD_SRS=RU&SUPD_CMP=N&SALE_15=Y&LICENSE_SIGNED=%7Enew_license18_0_sign-Y
2026-06-17 13:10:02 -  - exec CUpdateClient::GetHTTPPage
2026-06-17 13:10:03 -  - TIME LoadModulesUpdates(request) 0.729 sec
2026-06-17 13:10:03 -  - exec CUpdateClient::ParseServerData
2026-06-17 13:10:03 - S - STEP
2026-06-17 13:10:04 -  - exec CUpdateClient::LoadModulesUpdates
2026-06-17 13:10:04 -  - exec CUpdateClient::ParseServerData
2026-06-17 13:10:04 -  - loadFile
2026-06-17 13:10:09 - U - RETURN
2026-06-17 13:10:09 -  - exec CUpdateClient::UnGzipArchive
2026-06-17 13:10:14 -  - TIME UnGzipArchive 4.963 sec
2026-06-17 13:10:14 - CSURUS1 - Run updater '/bitrix/updates/update_m1781691009/ui/updater26.200.0.php'
2026-06-17 13:10:14 - CRUPDCF1 - Run updater '/bitrix/updates/update_m1781691009/ui/updater26.200.0.php': CopyFiles(install/js, js)
2026-06-17 13:10:22 -  - TIME UpdateStepModules 7.463 sec
2026-06-17 13:10:22 - UPD_SUCCESS - Updated: ui (26.200.0)<br><li>Исправлена ошибка, при которой не раскрывался список отделов при открытии, если в недавних отображался корневой отдел. <li>Внедрены уведомления в новом стиле с поддержкой Vue-версии. <li>В расширении ui.buttons добавлен видимый фокус для кнопок при навигации с помощью клавиатуры. 
2026-06-17 13:10:22 -  - exec CUpdateClient::LoadModulesUpdates
2026-06-17 13:10:22 -  - exec CUpdateClient::CollectRequestData
2026-06-17 13:10:22 -  - LICENSE_KEY=X&lang=ru&SUPD_VER=25.1100.0&VERSION=26.250.100&TYPENC=D&SUPD_STS=1&SUPD_URS=0&SUPD_DBS=MYSQL&XE=N&CLIENT_SITE=lc-bitrix-start.local&SERVER_NAME=&CHHB=lc-bitrix-start.local&CSAB=127.127.126.18&SUID=zr13m62h9kku1kuty8nllnc51o4ruiy2&CANGZIP=Y&CLIENT_PHPVER=8.3.14&stable=Y&mbfo=0&NGINX=Y&SMD=N&rerere=Y&bitm_main=26.250.100&bitm_b24connector=25.0.0&bitm_bitrixcloud=25.100.0&bitm_clouds=25.100.0&bitm_fileman=25.200.200&bitm_highloadblock=25.100.0&bitm_iblock=25.400.0&bitm_landing=26.400.0&bitm_location=26.0.0&bitm_messageservice=26.0.0&bitm_perfmon=25.300.0&bitm_rest=26.200.200&bitm_search=25.200.0&bitm_security=26.0.100&bitm_seo=26.0.0&bitm_socialservices=26.100.0&bitm_translate=26.0.0&bitm_ui=26.200.0&bitl_en=&bitl_ru=&SUPD_SRS=RU&SUPD_CMP=N&SALE_15=Y&LICENSE_SIGNED=%7Enew_license18_0_sign-Y
2026-06-17 13:10:22 -  - exec CUpdateClient::GetHTTPPage
2026-06-17 13:10:23 -  - TIME LoadModulesUpdates(request) 0.845 sec
2026-06-17 13:10:23 -  - exec CUpdateClient::ParseServerData
2026-06-17 13:10:23 - S - STEP
2026-06-17 13:10:24 -  - exec CUpdateClient::LoadModulesUpdates
2026-06-17 13:10:24 -  - exec CUpdateClient::ParseServerData
2026-06-17 13:10:24 -  - loadFile
2026-06-17 13:10:24 - U - RETURN
2026-06-17 13:10:24 -  - exec CUpdateClient::UnGzipArchive
2026-06-17 13:10:24 -  - TIME UnGzipArchive 0.047 sec
2026-06-17 13:10:24 -  - TIME UpdateStepModules 0.013 sec
2026-06-17 13:10:25 - UPD_SUCCESS - Updated: ui (26.200.100)<br><li>Незначительные изменения. 
2026-06-17 13:10:25 -  - exec CUpdateClient::LoadModulesUpdates
2026-06-17 13:10:25 -  - exec CUpdateClient::CollectRequestData
2026-06-17 13:10:25 -  - LICENSE_KEY=X&lang=ru&SUPD_VER=25.1100.0&VERSION=26.250.100&TYPENC=D&SUPD_STS=1&SUPD_URS=0&SUPD_DBS=MYSQL&XE=N&CLIENT_SITE=lc-bitrix-start.local&SERVER_NAME=&CHHB=lc-bitrix-start.local&CSAB=127.127.126.18&SUID=zr13m62h9kku1kuty8nllnc51o4ruiy2&CANGZIP=Y&CLIENT_PHPVER=8.3.14&stable=Y&mbfo=0&NGINX=Y&SMD=N&rerere=Y&bitm_main=26.250.100&bitm_b24connector=25.0.0&bitm_bitrixcloud=25.100.0&bitm_clouds=25.100.0&bitm_fileman=25.200.200&bitm_highloadblock=25.100.0&bitm_iblock=25.400.0&bitm_landing=26.400.0&bitm_location=26.0.0&bitm_messageservice=26.0.0&bitm_perfmon=25.300.0&bitm_rest=26.200.200&bitm_search=25.200.0&bitm_security=26.0.100&bitm_seo=26.0.0&bitm_socialservices=26.100.0&bitm_translate=26.0.0&bitm_ui=26.200.100&bitl_en=&bitl_ru=&SUPD_SRS=RU&SUPD_CMP=N&SALE_15=Y&LICENSE_SIGNED=%7Enew_license18_0_sign-Y
2026-06-17 13:10:25 -  - exec CUpdateClient::GetHTTPPage
2026-06-17 13:10:26 -  - TIME LoadModulesUpdates(request) 0.694 sec
2026-06-17 13:10:26 -  - exec CUpdateClient::ParseServerData
2026-06-17 13:10:26 - S - STEP
2026-06-17 13:10:26 -  - exec CUpdateClient::LoadModulesUpdates
2026-06-17 13:10:26 -  - exec CUpdateClient::ParseServerData
2026-06-17 13:10:26 -  - loadFile
2026-06-17 13:10:27 - U - RETURN
2026-06-17 13:10:27 -  - exec CUpdateClient::UnGzipArchive
2026-06-17 13:10:27 -  - TIME UnGzipArchive 0.044 sec
2026-06-17 13:10:27 -  - TIME UpdateStepModules 0.012 sec
2026-06-17 13:10:27 - UPD_SUCCESS - Updated: ui (26.200.200)<br><li>Незначительные изменения. 
2026-06-17 13:10:27 -  - exec CUpdateClient::LoadModulesUpdates
2026-06-17 13:10:27 -  - exec CUpdateClient::CollectRequestData
2026-06-17 13:10:27 -  - LICENSE_KEY=X&lang=ru&SUPD_VER=25.1100.0&VERSION=26.250.100&TYPENC=D&SUPD_STS=1&SUPD_URS=0&SUPD_DBS=MYSQL&XE=N&CLIENT_SITE=lc-bitrix-start.local&SERVER_NAME=&CHHB=lc-bitrix-start.local&CSAB=127.127.126.18&SUID=zr13m62h9kku1kuty8nllnc51o4ruiy2&CANGZIP=Y&CLIENT_PHPVER=8.3.14&stable=Y&mbfo=0&NGINX=Y&SMD=N&rerere=Y&bitm_main=26.250.100&bitm_b24connector=25.0.0&bitm_bitrixcloud=25.100.0&bitm_clouds=25.100.0&bitm_fileman=25.200.200&bitm_highloadblock=25.100.0&bitm_iblock=25.400.0&bitm_landing=26.400.0&bitm_location=26.0.0&bitm_messageservice=26.0.0&bitm_perfmon=25.300.0&bitm_rest=26.200.200&bitm_search=25.200.0&bitm_security=26.0.100&bitm_seo=26.0.0&bitm_socialservices=26.100.0&bitm_translate=26.0.0&bitm_ui=26.200.200&bitl_en=&bitl_ru=&SUPD_SRS=RU&SUPD_CMP=N&SALE_15=Y&LICENSE_SIGNED=%7Enew_license18_0_sign-Y
2026-06-17 13:10:27 -  - exec CUpdateClient::GetHTTPPage
2026-06-17 13:10:28 -  - TIME LoadModulesUpdates(request) 0.669 sec
2026-06-17 13:10:28 -  - exec CUpdateClient::ParseServerData
2026-06-17 13:10:28 - STEP - Finish - NOUPDATES
